c:\users\josh\desktop\dx12 renderer\dx12eng\directx12engine\directx12engine\debug\vc120.pdb
c:\users\josh\desktop\dx12 renderer\dx12eng\directx12engine\directx12engine\debug\vc120.idb
c:\users\josh\desktop\dx12 renderer\dx12eng\directx12engine\directx12engine\debug\main.obj
c:\users\josh\desktop\dx12 renderer\dx12eng\directx12engine\directx12engine\debug\applicationcore.obj
c:\users\josh\desktop\githubreposetories\dx12eng\directx12engine\directx12engine\debug\vc120.pdb
c:\users\josh\desktop\githubreposetories\dx12eng\directx12engine\directx12engine\debug\vc120.idb
c:\users\josh\desktop\githubreposetories\dx12eng\directx12engine\directx12engine\debug\applicationcore.obj
c:\users\josh\desktop\githubreposetories\dx12eng\directx12engine\directx12engine\debug\main.obj
c:\users\josh\desktop\dx12 renderer\dx12eng\directx12engine\debug\directx12engine.ilk
c:\users\josh\desktop\dx12 renderer\dx12eng\directx12engine\debug\directx12engine.exe
c:\users\josh\desktop\dx12 renderer\dx12eng\directx12engine\debug\directx12engine.pdb
c:\users\josh\desktop\githubreposetories\dx12eng\directx12engine\debug\directx12engine.ilk
c:\users\josh\desktop\githubreposetories\dx12eng\directx12engine\debug\directx12engine.exe
c:\users\josh\desktop\githubreposetories\dx12eng\directx12engine\debug\directx12engine.pdb
c:\users\josh\desktop\githubreposetories\dx12eng\directx12engine\directx12engine\debug\inputstuff.res
c:\users\josh\desktop\githubreposetories\dx12eng\directx12engine\directx12engine\debug\directx12engine.tlog\cl.command.1.tlog
c:\users\josh\desktop\githubreposetories\dx12eng\directx12engine\directx12engine\debug\directx12engine.tlog\cl.read.1.tlog
c:\users\josh\desktop\githubreposetories\dx12eng\directx12engine\directx12engine\debug\directx12engine.tlog\cl.write.1.tlog
c:\users\josh\desktop\githubreposetories\dx12eng\directx12engine\directx12engine\debug\directx12engine.tlog\link.command.1.tlog
c:\users\josh\desktop\githubreposetories\dx12eng\directx12engine\directx12engine\debug\directx12engine.tlog\link.read.1.tlog
c:\users\josh\desktop\githubreposetories\dx12eng\directx12engine\directx12engine\debug\directx12engine.tlog\link.write.1.tlog
c:\users\josh\desktop\githubreposetories\dx12eng\directx12engine\directx12engine\debug\directx12engine.tlog\rc.command.1.tlog
c:\users\josh\desktop\githubreposetories\dx12eng\directx12engine\directx12engine\debug\directx12engine.tlog\rc.read.1.tlog
c:\users\josh\desktop\githubreposetories\dx12eng\directx12engine\directx12engine\debug\directx12engine.tlog\rc.write.1.tlog
